{"C:\\Users\\abdul\\Desktop\\devprojects\\playground\\lazy-30-days-of-backend\\day-1\\js\\main.js": {"path":"C:\\Users\\abdul\\Desktop\\devprojects\\playground\\lazy-30-days-of-backend\\day-1\\js\\main.js","statementMap":{"0":{"start":{"line":1,"column":0},"end":{"line":8,"column":1}},"1":{"start":{"line":2,"column":26},"end":{"line":2,"column":62}},"2":{"start":{"line":3,"column":4},"end":{"line":5,"column":5}},"3":{"start":{"line":4,"column":8},"end":{"line":4,"column":80}},"4":{"start":{"line":6,"column":4},"end":{"line":6,"column":72}},"5":{"start":{"line":6,"column":41},"end":{"line":6,"column":72}},"6":{"start":{"line":7,"column":4},"end":{"line":7,"column":45}}},"fnMap":{"0":{"name":"(anonymous_0)","decl":{"start":{"line":1,"column":18},"end":{"line":1,"column":19}},"loc":{"start":{"line":1,"column":28},"end":{"line":8,"column":1}},"line":1}},"branchMap":{"0":{"loc":{"start":{"line":3,"column":4},"end":{"line":5,"column":5}},"type":"if","locations":[{"start":{"line":3,"column":4},"end":{"line":5,"column":5}},{"start":{},"end":{}}],"line":3},"1":{"loc":{"start":{"line":3,"column":8},"end":{"line":3,"column":60}},"type":"binary-expr","locations":[{"start":{"line":3,"column":8},"end":{"line":3,"column":26}},{"start":{"line":3,"column":30},"end":{"line":3,"column":60}}],"line":3},"2":{"loc":{"start":{"line":6,"column":4},"end":{"line":6,"column":72}},"type":"if","locations":[{"start":{"line":6,"column":4},"end":{"line":6,"column":72}},{"start":{},"end":{}}],"line":6},"3":{"loc":{"start":{"line":6,"column":7},"end":{"line":6,"column":39}},"type":"binary-expr","locations":[{"start":{"line":6,"column":7},"end":{"line":6,"column":22}},{"start":{"line":6,"column":26},"end":{"line":6,"column":39}}],"line":6}},"s":{"0":1,"1":4,"2":4,"3":1,"4":3,"5":2,"6":1},"f":{"0":4},"b":{"0":[1,3],"1":[4,3],"2":[2,1],"3":[3,2]},"_coverageSchema":"1a1c01bbd47fc00a2c39e90264f33305004495a9","hash":"b93135394b5cb2f7415c0e4457f917514b7cf2f1"}
}
